<?xml version="1.0" encoding="UTF-8"?>
<coverage generated="1768183724421" clover="3.2.0">
  <project timestamp="1768183724422" name="All files">
    <metrics statements="53" coveredstatements="40" conditionals="4" coveredconditionals="4" methods="13" coveredmethods="8" elements="70" coveredelements="52" complexity="0" loc="53" ncloc="53" packages="4" files="5" classes="5"/>
    <package name="src">
      <metrics statements="8" coveredstatements="8" conditionals="0" coveredconditionals="0" methods="0" coveredmethods="0"/>
      <file name="app.ts" path="/home/daniel/fiap/post-service/src/app.ts">
        <metrics statements="8" coveredstatements="8" conditionals="0" coveredconditionals="0" methods="0" coveredmethods="0"/>
        <line num="1" count="1" type="stmt"/>
        <line num="2" count="1" type="stmt"/>
        <line num="3" count="1" type="stmt"/>
        <line num="5" count="1" type="stmt"/>
        <line num="6" count="1" type="stmt"/>
        <line num="7" count="1" type="stmt"/>
        <line num="8" count="1" type="stmt"/>
        <line num="10" count="1" type="stmt"/>
      </file>
    </package>
    <package name="src.controllers">
      <metrics statements="20" coveredstatements="7" conditionals="0" coveredconditionals="0" methods="6" coveredmethods="2"/>
      <file name="PostsController.ts" path="/home/daniel/fiap/post-service/src/controllers/PostsController.ts">
        <metrics statements="20" coveredstatements="7" conditionals="0" coveredconditionals="0" methods="6" coveredmethods="2"/>
        <line num="2" count="1" type="stmt"/>
        <line num="7" count="1" type="stmt"/>
        <line num="8" count="1" type="stmt"/>
        <line num="12" count="0" type="stmt"/>
        <line num="13" count="0" type="stmt"/>
        <line num="14" count="0" type="stmt"/>
        <line num="18" count="1" type="stmt"/>
        <line num="19" count="1" type="stmt"/>
        <line num="20" count="1" type="stmt"/>
        <line num="24" count="0" type="stmt"/>
        <line num="25" count="0" type="stmt"/>
        <line num="27" count="0" type="stmt"/>
        <line num="28" count="0" type="stmt"/>
        <line num="32" count="0" type="stmt"/>
        <line num="33" count="0" type="stmt"/>
        <line num="34" count="0" type="stmt"/>
        <line num="38" count="0" type="stmt"/>
        <line num="40" count="0" type="stmt"/>
        <line num="41" count="0" type="stmt"/>
        <line num="46" count="1" type="stmt"/>
      </file>
    </package>
    <package name="src.routes">
      <metrics statements="16" coveredstatements="16" conditionals="0" coveredconditionals="0" methods="1" coveredmethods="0"/>
      <file name="index.ts" path="/home/daniel/fiap/post-service/src/routes/index.ts">
        <metrics statements="5" coveredstatements="5" conditionals="0" coveredconditionals="0" methods="0" coveredmethods="0"/>
        <line num="1" count="1" type="stmt"/>
        <line num="2" count="1" type="stmt"/>
        <line num="4" count="1" type="stmt"/>
        <line num="6" count="1" type="stmt"/>
        <line num="8" count="1" type="stmt"/>
      </file>
      <file name="posts.routes.ts" path="/home/daniel/fiap/post-service/src/routes/posts.routes.ts">
        <metrics statements="11" coveredstatements="11" conditionals="0" coveredconditionals="0" methods="1" coveredmethods="0"/>
        <line num="1" count="1" type="stmt"/>
        <line num="2" count="1" type="stmt"/>
        <line num="4" count="1" type="stmt"/>
        <line num="6" count="1" type="stmt"/>
        <line num="7" count="1" type="stmt"/>
        <line num="8" count="1" type="stmt"/>
        <line num="9" count="1" type="stmt"/>
        <line num="10" count="1" type="stmt"/>
        <line num="11" count="1" type="stmt"/>
        <line num="12" count="1" type="stmt"/>
        <line num="14" count="1" type="stmt"/>
      </file>
    </package>
    <package name="src.services">
      <metrics statements="9" coveredstatements="9" conditionals="4" coveredconditionals="4" methods="6" coveredmethods="6"/>
      <file name="PostsService.ts" path="/home/daniel/fiap/post-service/src/services/PostsService.ts">
        <metrics statements="9" coveredstatements="9" conditionals="4" coveredconditionals="4" methods="6" coveredmethods="6"/>
        <line num="1" count="2" type="stmt"/>
        <line num="7" count="2" type="stmt"/>
        <line num="11" count="1" type="stmt"/>
        <line num="15" count="2" type="stmt"/>
        <line num="19" count="1" type="stmt"/>
        <line num="23" count="1" type="stmt"/>
        <line num="27" count="2" type="cond" truecount="4" falsecount="0"/>
        <line num="28" count="1" type="stmt"/>
        <line num="33" count="2" type="stmt"/>
      </file>
    </package>
  </project>
</coverage>
